2022-04-11 00:21:14,469 INFO org.hibernate.validator.internal.util.Version [background-preinit] HV000001: Hibernate Validator 6.2.0.Final
2022-04-11 00:21:14,476 INFO org.springframework.boot.StartupInfoLogger [main] Starting EnjoypadelapiApplication using Java 11.0.11 on Raul with PID 11104 (C:\Users\r_mar\Desktop\enjoypadelAPI-2EV\target\classes started by Raul in C:\Users\r_mar\Desktop\enjoypadelAPI-2EV)
2022-04-11 00:21:14,476 INFO org.springframework.boot.SpringApplication [main] No active profile set, falling back to default profiles: default
2022-04-11 00:21:15,004 INFO org.springframework.data.repository.config.RepositoryConfigurationDelegate [main] Multiple Spring Data modules found, entering strict repository configuration mode!
2022-04-11 00:21:15,005 INFO org.springframework.data.repository.config.RepositoryConfigurationDelegate [main] Bootstrapping Spring Data JPA repositories in DEFAULT mode.
2022-04-11 00:21:15,058 INFO org.springframework.data.repository.config.RepositoryConfigurationDelegate [main] Finished Spring Data repository scanning in 46 ms. Found 3 JPA repository interfaces.
2022-04-11 00:21:15,077 INFO org.springframework.data.repository.config.RepositoryConfigurationDelegate [main] Multiple Spring Data modules found, entering strict repository configuration mode!
2022-04-11 00:21:15,078 INFO org.springframework.data.repository.config.RepositoryConfigurationDelegate [main] Bootstrapping Spring Data Reactive MongoDB repositories in DEFAULT mode.
2022-04-11 00:21:15,081 INFO org.springframework.data.repository.config.RepositoryConfigurationExtensionSupport [main] Spring Data Reactive MongoDB - Could not safely identify store assignment for repository candidate interface com.martin.enjoypadelapi.repository.CenterRepository. If you want this repository to be a Reactive MongoDB repository, consider annotating your entities with one of these annotations: org.springframework.data.mongodb.core.mapping.Document (preferred), or consider extending one of the following types with your repository: org.springframework.data.mongodb.repository.ReactiveMongoRepository.
2022-04-11 00:21:15,082 INFO org.springframework.data.repository.config.RepositoryConfigurationExtensionSupport [main] Spring Data Reactive MongoDB - Could not safely identify store assignment for repository candidate interface com.martin.enjoypadelapi.repository.MatchRepository. If you want this repository to be a Reactive MongoDB repository, consider annotating your entities with one of these annotations: org.springframework.data.mongodb.core.mapping.Document (preferred), or consider extending one of the following types with your repository: org.springframework.data.mongodb.repository.ReactiveMongoRepository.
2022-04-11 00:21:15,082 INFO org.springframework.data.repository.config.RepositoryConfigurationExtensionSupport [main] Spring Data Reactive MongoDB - Could not safely identify store assignment for repository candidate interface com.martin.enjoypadelapi.repository.PlayerRepository. If you want this repository to be a Reactive MongoDB repository, consider annotating your entities with one of these annotations: org.springframework.data.mongodb.core.mapping.Document (preferred), or consider extending one of the following types with your repository: org.springframework.data.mongodb.repository.ReactiveMongoRepository.
2022-04-11 00:21:15,083 INFO org.springframework.data.repository.config.RepositoryConfigurationDelegate [main] Finished Spring Data repository scanning in 5 ms. Found 0 Reactive MongoDB repository interfaces.
2022-04-11 00:21:15,597 INFO org.springframework.boot.web.embedded.tomcat.TomcatWebServer [main] Tomcat initialized with port(s): 8080 (http)
2022-04-11 00:21:15,611 INFO org.apache.juli.logging.DirectJDKLog [main] Initializing ProtocolHandler ["http-nio-8080"]
2022-04-11 00:21:15,612 INFO org.apache.juli.logging.DirectJDKLog [main] Starting service [Tomcat]
2022-04-11 00:21:15,613 INFO org.apache.juli.logging.DirectJDKLog [main] Starting Servlet engine: [Apache Tomcat/9.0.54]
2022-04-11 00:21:15,747 INFO org.apache.juli.logging.DirectJDKLog [main] Initializing Spring embedded WebApplicationContext
2022-04-11 00:21:15,753 INFO org.springframework.boot.web.servlet.context.ServletWebServerApplicationContext [main] Root WebApplicationContext: initialization completed in 1241 ms
2022-04-11 00:21:15,816 INFO com.zaxxer.hikari.HikariDataSource [main] HikariPool-1 - Starting...
2022-04-11 00:21:15,960 INFO com.zaxxer.hikari.HikariDataSource [main] HikariPool-1 - Start completed.
2022-04-11 00:21:15,965 INFO org.springframework.boot.autoconfigure.h2.H2ConsoleAutoConfiguration [main] H2 console available at '/h2-console'. Database available at 'jdbc:h2:file:C:/Users/r_mar/enjoypadelapi2EV.db'
2022-04-11 00:21:16,061 INFO org.hibernate.jpa.internal.util.LogHelper [main] HHH000204: Processing PersistenceUnitInfo [name: default]
2022-04-11 00:21:16,116 INFO org.hibernate.Version [main] HHH000412: Hibernate ORM core version 5.4.32.Final
2022-04-11 00:21:16,216 INFO org.hibernate.annotations.common.reflection.java.JavaReflectionManager [main] HCANN000001: Hibernate Commons Annotations {5.1.2.Final}
2022-04-11 00:21:16,301 INFO org.hibernate.dialect.Dialect [main] HHH000400: Using dialect: org.hibernate.dialect.H2Dialect
2022-04-11 00:21:16,791 INFO org.hibernate.engine.transaction.jta.platform.internal.JtaPlatformInitiator [main] HHH000490: Using JtaPlatform implementation: [org.hibernate.engine.transaction.jta.platform.internal.NoJtaPlatform]
2022-04-11 00:21:16,797 INFO org.springframework.orm.jpa.AbstractEntityManagerFactoryBean [main] Initialized JPA EntityManagerFactory for persistence unit 'default'
2022-04-11 00:21:17,068 WARN org.springframework.boot.autoconfigure.orm.jpa.JpaBaseConfiguration$JpaWebConfiguration [main] spring.jpa.open-in-view is enabled by default. Therefore, database queries may be performed during view rendering. Explicitly configure spring.jpa.open-in-view to disable this warning
2022-04-11 00:21:17,526 INFO com.mongodb.diagnostics.logging.SLF4JLogger [main] Cluster created with settings {hosts=[localhost:27017], mode=SINGLE, requiredClusterType=UNKNOWN, serverSelectionTimeout='30000 ms'}
2022-04-11 00:21:17,753 INFO org.apache.juli.logging.DirectJDKLog [main] Starting ProtocolHandler ["http-nio-8080"]
2022-04-11 00:21:17,762 INFO org.springframework.boot.web.embedded.tomcat.TomcatWebServer [main] Tomcat started on port(s): 8080 (http) with context path ''
2022-04-11 00:21:17,772 INFO org.springframework.boot.StartupInfoLogger [main] Started EnjoypadelapiApplication in 3.663 seconds (JVM running for 4.025)
2022-04-11 00:21:18,046 INFO com.mongodb.diagnostics.logging.SLF4JLogger [cluster-rtt-ClusterId{value='6253585dda75353619aa7636', description='null'}-localhost:27017] Opened connection [connectionId{localValue:2, serverValue:151}] to localhost:27017
2022-04-11 00:21:18,046 INFO com.mongodb.diagnostics.logging.SLF4JLogger [cluster-ClusterId{value='6253585dda75353619aa7636', description='null'}-localhost:27017] Opened connection [connectionId{localValue:1, serverValue:150}] to localhost:27017
2022-04-11 00:21:18,047 INFO com.mongodb.diagnostics.logging.SLF4JLogger [cluster-ClusterId{value='6253585dda75353619aa7636', description='null'}-localhost:27017] Monitor thread successfully connected to server with description ServerDescription{address=localhost:27017, type=STANDALONE, state=CONNECTED, ok=true, minWireVersion=0, maxWireVersion=13, maxDocumentSize=16777216, logicalSessionTimeoutMinutes=30, roundTripTimeNanos=51820100}
2022-04-11 00:21:46,126 INFO org.apache.juli.logging.DirectJDKLog [http-nio-8080-exec-1] Initializing Spring DispatcherServlet 'dispatcherServlet'
2022-04-11 00:21:46,126 INFO org.springframework.web.servlet.FrameworkServlet [http-nio-8080-exec-1] Initializing Servlet 'dispatcherServlet'
2022-04-11 00:21:46,127 INFO org.springframework.web.servlet.FrameworkServlet [http-nio-8080-exec-1] Completed initialization in 0 ms
2022-04-11 00:21:46,140 INFO com.martin.enjoypadelapi.controller.CenterController [http-nio-8080-exec-1] Inicio findAll(center)
2022-04-11 00:21:46,229 INFO com.martin.enjoypadelapi.controller.CenterController [http-nio-8080-exec-1] Final findAll(center)
2022-04-11 00:21:48,216 INFO com.martin.enjoypadelapi.controller.CenterController [http-nio-8080-exec-2] Inicio findById(center)
2022-04-11 00:21:48,223 INFO com.martin.enjoypadelapi.controller.CenterController [http-nio-8080-exec-2] Final findById(center)
2022-04-11 00:24:02,524 INFO com.martin.enjoypadelapi.controller.CenterController [http-nio-8080-exec-5] Inicio findAll(center)
2022-04-11 00:24:02,526 INFO com.martin.enjoypadelapi.controller.CenterController [http-nio-8080-exec-5] Final findAll(center)
2022-04-11 00:24:03,372 INFO com.martin.enjoypadelapi.controller.CenterController [http-nio-8080-exec-6] Inicio findById(center)
2022-04-11 00:24:03,373 INFO com.martin.enjoypadelapi.controller.CenterController [http-nio-8080-exec-6] Final findById(center)
2022-04-11 00:29:35,449 INFO com.martin.enjoypadelapi.controller.CenterController [http-nio-8080-exec-9] Inicio findAll(center)
2022-04-11 00:29:35,451 INFO com.martin.enjoypadelapi.controller.CenterController [http-nio-8080-exec-9] Final findAll(center)
2022-04-11 00:35:06,341 INFO com.martin.enjoypadelapi.controller.CenterController [http-nio-8080-exec-1] Inicio findAll(center)
2022-04-11 00:35:06,344 INFO com.martin.enjoypadelapi.controller.CenterController [http-nio-8080-exec-1] Final findAll(center)
2022-04-11 00:35:07,212 INFO com.martin.enjoypadelapi.controller.CenterController [http-nio-8080-exec-2] Inicio findById(center)
2022-04-11 00:35:07,214 INFO com.martin.enjoypadelapi.controller.CenterController [http-nio-8080-exec-2] Final findById(center)
2022-04-11 00:37:03,427 INFO com.martin.enjoypadelapi.controller.CenterController [http-nio-8080-exec-5] Inicio findAll(center)
2022-04-11 00:37:03,429 INFO com.martin.enjoypadelapi.controller.CenterController [http-nio-8080-exec-5] Final findAll(center)
2022-04-11 00:37:04,471 INFO com.martin.enjoypadelapi.controller.CenterController [http-nio-8080-exec-6] Inicio findById(center)
2022-04-11 00:37:04,473 INFO com.martin.enjoypadelapi.controller.CenterController [http-nio-8080-exec-6] Final findById(center)
2022-04-11 00:40:30,005 INFO com.martin.enjoypadelapi.controller.CenterController [http-nio-8080-exec-9] Inicio findAll(center)
2022-04-11 00:40:30,006 INFO com.martin.enjoypadelapi.controller.CenterController [http-nio-8080-exec-9] Final findAll(center)
2022-04-11 00:40:30,827 INFO com.martin.enjoypadelapi.controller.CenterController [http-nio-8080-exec-10] Inicio findById(center)
2022-04-11 00:40:30,828 INFO com.martin.enjoypadelapi.controller.CenterController [http-nio-8080-exec-10] Final findById(center)
2022-04-11 00:40:33,339 INFO com.martin.enjoypadelapi.controller.CenterController [http-nio-8080-exec-4] Inicio findAll(center)
2022-04-11 00:40:33,340 INFO com.martin.enjoypadelapi.controller.CenterController [http-nio-8080-exec-4] Final findAll(center)
2022-04-11 00:40:39,283 INFO com.martin.enjoypadelapi.controller.PlayerController [http-nio-8080-exec-5] Inicio getPlayers
2022-04-11 00:40:39,287 INFO com.martin.enjoypadelapi.controller.PlayerController [http-nio-8080-exec-5] Final getPlayers
2022-04-11 00:40:43,106 INFO com.martin.enjoypadelapi.controller.CenterController [http-nio-8080-exec-6] Inicio findAll(center)
2022-04-11 00:40:43,108 INFO com.martin.enjoypadelapi.controller.CenterController [http-nio-8080-exec-6] Final findAll(center)
2022-04-11 00:42:17,187 INFO com.martin.enjoypadelapi.controller.CenterController [http-nio-8080-exec-9] Inicio findAll(center)
2022-04-11 00:42:17,188 INFO com.martin.enjoypadelapi.controller.CenterController [http-nio-8080-exec-9] Final findAll(center)
2022-04-11 00:46:27,646 INFO com.martin.enjoypadelapi.controller.CenterController [http-nio-8080-exec-2] Inicio findAll(center)
2022-04-11 00:46:27,648 INFO com.martin.enjoypadelapi.controller.CenterController [http-nio-8080-exec-2] Final findAll(center)
2022-04-11 00:46:28,600 INFO com.martin.enjoypadelapi.controller.CenterController [http-nio-8080-exec-1] Inicio findById(center)
2022-04-11 00:46:28,601 INFO com.martin.enjoypadelapi.controller.CenterController [http-nio-8080-exec-1] Final findById(center)
2022-04-11 00:50:06,615 INFO org.hibernate.validator.internal.util.Version [background-preinit] HV000001: Hibernate Validator 6.2.0.Final
2022-04-11 00:50:06,619 INFO org.springframework.boot.StartupInfoLogger [main] Starting EnjoypadelapiApplication using Java 11.0.11 on Raul with PID 10532 (C:\Users\r_mar\Desktop\enjoypadelAPI-2EV\target\classes started by Raul in C:\Users\r_mar\Desktop\enjoypadelAPI-2EV)
2022-04-11 00:50:06,620 INFO org.springframework.boot.SpringApplication [main] No active profile set, falling back to default profiles: default
2022-04-11 00:50:07,004 INFO org.springframework.data.repository.config.RepositoryConfigurationDelegate [main] Multiple Spring Data modules found, entering strict repository configuration mode!
2022-04-11 00:50:07,005 INFO org.springframework.data.repository.config.RepositoryConfigurationDelegate [main] Bootstrapping Spring Data JPA repositories in DEFAULT mode.
2022-04-11 00:50:07,050 INFO org.springframework.data.repository.config.RepositoryConfigurationDelegate [main] Finished Spring Data repository scanning in 39 ms. Found 3 JPA repository interfaces.
2022-04-11 00:50:07,065 INFO org.springframework.data.repository.config.RepositoryConfigurationDelegate [main] Multiple Spring Data modules found, entering strict repository configuration mode!
2022-04-11 00:50:07,065 INFO org.springframework.data.repository.config.RepositoryConfigurationDelegate [main] Bootstrapping Spring Data Reactive MongoDB repositories in DEFAULT mode.
2022-04-11 00:50:07,069 INFO org.springframework.data.repository.config.RepositoryConfigurationExtensionSupport [main] Spring Data Reactive MongoDB - Could not safely identify store assignment for repository candidate interface com.martin.enjoypadelapi.repository.CenterRepository. If you want this repository to be a Reactive MongoDB repository, consider annotating your entities with one of these annotations: org.springframework.data.mongodb.core.mapping.Document (preferred), or consider extending one of the following types with your repository: org.springframework.data.mongodb.repository.ReactiveMongoRepository.
2022-04-11 00:50:07,070 INFO org.springframework.data.repository.config.RepositoryConfigurationExtensionSupport [main] Spring Data Reactive MongoDB - Could not safely identify store assignment for repository candidate interface com.martin.enjoypadelapi.repository.MatchRepository. If you want this repository to be a Reactive MongoDB repository, consider annotating your entities with one of these annotations: org.springframework.data.mongodb.core.mapping.Document (preferred), or consider extending one of the following types with your repository: org.springframework.data.mongodb.repository.ReactiveMongoRepository.
2022-04-11 00:50:07,071 INFO org.springframework.data.repository.config.RepositoryConfigurationExtensionSupport [main] Spring Data Reactive MongoDB - Could not safely identify store assignment for repository candidate interface com.martin.enjoypadelapi.repository.PlayerRepository. If you want this repository to be a Reactive MongoDB repository, consider annotating your entities with one of these annotations: org.springframework.data.mongodb.core.mapping.Document (preferred), or consider extending one of the following types with your repository: org.springframework.data.mongodb.repository.ReactiveMongoRepository.
2022-04-11 00:50:07,071 INFO org.springframework.data.repository.config.RepositoryConfigurationDelegate [main] Finished Spring Data repository scanning in 5 ms. Found 0 Reactive MongoDB repository interfaces.
2022-04-11 00:50:07,516 INFO org.springframework.boot.web.embedded.tomcat.TomcatWebServer [main] Tomcat initialized with port(s): 8080 (http)
2022-04-11 00:50:07,522 INFO org.apache.juli.logging.DirectJDKLog [main] Initializing ProtocolHandler ["http-nio-8080"]
2022-04-11 00:50:07,523 INFO org.apache.juli.logging.DirectJDKLog [main] Starting service [Tomcat]
2022-04-11 00:50:07,523 INFO org.apache.juli.logging.DirectJDKLog [main] Starting Servlet engine: [Apache Tomcat/9.0.54]
2022-04-11 00:50:07,603 INFO org.apache.juli.logging.DirectJDKLog [main] Initializing Spring embedded WebApplicationContext
2022-04-11 00:50:07,604 INFO org.springframework.boot.web.servlet.context.ServletWebServerApplicationContext [main] Root WebApplicationContext: initialization completed in 959 ms
2022-04-11 00:50:07,623 INFO com.zaxxer.hikari.HikariDataSource [main] HikariPool-1 - Starting...
2022-04-11 00:50:07,688 INFO com.zaxxer.hikari.HikariDataSource [main] HikariPool-1 - Start completed.
2022-04-11 00:50:07,692 INFO org.springframework.boot.autoconfigure.h2.H2ConsoleAutoConfiguration [main] H2 console available at '/h2-console'. Database available at 'jdbc:h2:file:C:/Users/r_mar/enjoypadelapi2EV.db'
2022-04-11 00:50:07,751 INFO org.hibernate.jpa.internal.util.LogHelper [main] HHH000204: Processing PersistenceUnitInfo [name: default]
2022-04-11 00:50:07,773 INFO org.hibernate.Version [main] HHH000412: Hibernate ORM core version 5.4.32.Final
2022-04-11 00:50:07,828 INFO org.hibernate.annotations.common.reflection.java.JavaReflectionManager [main] HCANN000001: Hibernate Commons Annotations {5.1.2.Final}
2022-04-11 00:50:07,877 INFO org.hibernate.dialect.Dialect [main] HHH000400: Using dialect: org.hibernate.dialect.H2Dialect
2022-04-11 00:50:08,236 INFO org.hibernate.engine.transaction.jta.platform.internal.JtaPlatformInitiator [main] HHH000490: Using JtaPlatform implementation: [org.hibernate.engine.transaction.jta.platform.internal.NoJtaPlatform]
2022-04-11 00:50:08,242 INFO org.springframework.orm.jpa.AbstractEntityManagerFactoryBean [main] Initialized JPA EntityManagerFactory for persistence unit 'default'
2022-04-11 00:50:08,467 WARN org.springframework.boot.autoconfigure.orm.jpa.JpaBaseConfiguration$JpaWebConfiguration [main] spring.jpa.open-in-view is enabled by default. Therefore, database queries may be performed during view rendering. Explicitly configure spring.jpa.open-in-view to disable this warning
2022-04-11 00:50:08,670 INFO com.mongodb.diagnostics.logging.SLF4JLogger [main] Cluster created with settings {hosts=[localhost:27017], mode=SINGLE, requiredClusterType=UNKNOWN, serverSelectionTimeout='30000 ms'}
2022-04-11 00:50:08,802 INFO org.apache.juli.logging.DirectJDKLog [main] Starting ProtocolHandler ["http-nio-8080"]
2022-04-11 00:50:08,808 INFO org.springframework.boot.web.embedded.tomcat.TomcatWebServer [main] Tomcat started on port(s): 8080 (http) with context path ''
2022-04-11 00:50:08,814 INFO org.springframework.boot.StartupInfoLogger [main] Started EnjoypadelapiApplication in 2.48 seconds (JVM running for 2.801)
2022-04-11 00:50:09,013 INFO com.mongodb.diagnostics.logging.SLF4JLogger [cluster-ClusterId{value='62535f2009694e019b8db654', description='null'}-localhost:27017] Opened connection [connectionId{localValue:1, serverValue:152}] to localhost:27017
2022-04-11 00:50:09,013 INFO com.mongodb.diagnostics.logging.SLF4JLogger [cluster-rtt-ClusterId{value='62535f2009694e019b8db654', description='null'}-localhost:27017] Opened connection [connectionId{localValue:2, serverValue:153}] to localhost:27017
2022-04-11 00:50:09,014 INFO com.mongodb.diagnostics.logging.SLF4JLogger [cluster-ClusterId{value='62535f2009694e019b8db654', description='null'}-localhost:27017] Monitor thread successfully connected to server with description ServerDescription{address=localhost:27017, type=STANDALONE, state=CONNECTED, ok=true, minWireVersion=0, maxWireVersion=13, maxDocumentSize=16777216, logicalSessionTimeoutMinutes=30, roundTripTimeNanos=33799300}
2022-04-11 00:50:12,623 INFO org.apache.juli.logging.DirectJDKLog [http-nio-8080-exec-1] Initializing Spring DispatcherServlet 'dispatcherServlet'
2022-04-11 00:50:12,624 INFO org.springframework.web.servlet.FrameworkServlet [http-nio-8080-exec-1] Initializing Servlet 'dispatcherServlet'
2022-04-11 00:50:12,625 INFO org.springframework.web.servlet.FrameworkServlet [http-nio-8080-exec-1] Completed initialization in 1 ms
2022-04-11 00:50:12,636 INFO com.martin.enjoypadelapi.controller.CenterController [http-nio-8080-exec-1] Inicio findAll(center)
2022-04-11 00:50:12,695 INFO com.martin.enjoypadelapi.controller.CenterController [http-nio-8080-exec-1] Final findAll(center)
2022-04-11 00:57:55,173 INFO com.martin.enjoypadelapi.controller.CenterController [http-nio-8080-exec-3] Inicio findAll(center)
2022-04-11 00:57:55,174 INFO com.martin.enjoypadelapi.controller.CenterController [http-nio-8080-exec-3] Final findAll(center)
2022-04-11 00:59:31,176 INFO com.martin.enjoypadelapi.controller.CenterController [http-nio-8080-exec-5] Inicio findAll(center)
2022-04-11 00:59:31,177 INFO com.martin.enjoypadelapi.controller.CenterController [http-nio-8080-exec-5] Final findAll(center)
2022-04-11 01:00:10,837 INFO com.martin.enjoypadelapi.controller.CenterController [http-nio-8080-exec-7] Inicio findAll(center)
2022-04-11 01:00:10,838 INFO com.martin.enjoypadelapi.controller.CenterController [http-nio-8080-exec-7] Final findAll(center)
2022-04-11 01:00:14,018 INFO com.martin.enjoypadelapi.controller.CenterController [http-nio-8080-exec-9] Inicio findAll(center)
2022-04-11 01:00:14,019 INFO com.martin.enjoypadelapi.controller.CenterController [http-nio-8080-exec-9] Final findAll(center)
2022-04-11 01:06:41,260 INFO com.martin.enjoypadelapi.controller.CenterController [http-nio-8080-exec-1] Inicio findAll(center)
2022-04-11 01:06:41,261 INFO com.martin.enjoypadelapi.controller.CenterController [http-nio-8080-exec-1] Final findAll(center)
2022-04-11 01:06:51,225 INFO com.martin.enjoypadelapi.controller.CenterController [http-nio-8080-exec-2] Inicio addCenter
2022-04-11 01:06:51,252 INFO com.martin.enjoypadelapi.controller.CenterController [http-nio-8080-exec-2] Final addCenter
2022-04-11 01:06:51,301 INFO com.martin.enjoypadelapi.controller.CenterController [http-nio-8080-exec-3] Inicio findAll(center)
2022-04-11 01:06:51,308 INFO com.martin.enjoypadelapi.controller.CenterController [http-nio-8080-exec-3] Final findAll(center)
2022-04-11 01:06:52,625 INFO com.martin.enjoypadelapi.controller.CenterController [http-nio-8080-exec-4] Inicio findById(center)
2022-04-11 01:06:52,629 INFO com.martin.enjoypadelapi.controller.CenterController [http-nio-8080-exec-4] Final findById(center)
2022-04-11 01:13:36,639 INFO com.martin.enjoypadelapi.controller.CenterController [http-nio-8080-exec-8] Inicio findAll(center)
2022-04-11 01:13:36,641 INFO com.martin.enjoypadelapi.controller.CenterController [http-nio-8080-exec-8] Final findAll(center)
2022-04-11 01:13:37,559 INFO com.martin.enjoypadelapi.controller.CenterController [http-nio-8080-exec-9] Inicio findById(center)
2022-04-11 01:13:37,560 INFO com.martin.enjoypadelapi.controller.CenterController [http-nio-8080-exec-9] Final findById(center)
2022-04-11 01:18:48,550 INFO com.martin.enjoypadelapi.controller.CenterController [http-nio-8080-exec-2] Inicio findAll(center)
2022-04-11 01:18:48,551 INFO com.martin.enjoypadelapi.controller.CenterController [http-nio-8080-exec-2] Final findAll(center)
2022-04-11 01:18:49,455 INFO com.martin.enjoypadelapi.controller.CenterController [http-nio-8080-exec-3] Inicio findById(center)
2022-04-11 01:18:49,457 INFO com.martin.enjoypadelapi.controller.CenterController [http-nio-8080-exec-3] Final findById(center)
2022-04-11 01:18:58,897 INFO com.martin.enjoypadelapi.controller.CenterController [http-nio-8080-exec-5] Inicio findAll(center)
2022-04-11 01:18:58,898 INFO com.martin.enjoypadelapi.controller.CenterController [http-nio-8080-exec-5] Final findAll(center)
2022-04-11 01:19:00,793 INFO com.martin.enjoypadelapi.controller.CenterController [http-nio-8080-exec-7] Inicio findById(center)
2022-04-11 01:19:00,794 INFO com.martin.enjoypadelapi.controller.CenterController [http-nio-8080-exec-7] Final findById(center)
2022-04-11 01:20:58,347 INFO com.martin.enjoypadelapi.controller.CenterController [http-nio-8080-exec-10] Inicio findAll(center)
2022-04-11 01:20:58,349 INFO com.martin.enjoypadelapi.controller.CenterController [http-nio-8080-exec-10] Final findAll(center)
2022-04-11 01:20:59,277 INFO com.martin.enjoypadelapi.controller.CenterController [http-nio-8080-exec-1] Inicio findById(center)
2022-04-11 01:20:59,279 INFO com.martin.enjoypadelapi.controller.CenterController [http-nio-8080-exec-1] Final findById(center)
2022-04-11 01:22:17,627 INFO com.martin.enjoypadelapi.controller.CenterController [http-nio-8080-exec-4] Inicio findAll(center)
2022-04-11 01:22:17,627 INFO com.martin.enjoypadelapi.controller.CenterController [http-nio-8080-exec-4] Final findAll(center)
2022-04-11 01:22:18,787 INFO com.martin.enjoypadelapi.controller.CenterController [http-nio-8080-exec-6] Inicio findById(center)
2022-04-11 01:22:18,788 INFO com.martin.enjoypadelapi.controller.CenterController [http-nio-8080-exec-6] Final findById(center)
2022-04-11 01:24:01,580 INFO com.martin.enjoypadelapi.controller.CenterController [http-nio-8080-exec-8] Inicio findAll(center)
2022-04-11 01:24:01,581 INFO com.martin.enjoypadelapi.controller.CenterController [http-nio-8080-exec-8] Final findAll(center)
2022-04-11 01:24:02,663 INFO com.martin.enjoypadelapi.controller.CenterController [http-nio-8080-exec-9] Inicio findById(center)
2022-04-11 01:24:02,664 INFO com.martin.enjoypadelapi.controller.CenterController [http-nio-8080-exec-9] Final findById(center)
2022-04-11 01:27:11,344 INFO com.martin.enjoypadelapi.controller.CenterController [http-nio-8080-exec-2] Inicio findAll(center)
2022-04-11 01:27:11,346 INFO com.martin.enjoypadelapi.controller.CenterController [http-nio-8080-exec-2] Final findAll(center)
2022-04-11 01:27:12,225 INFO com.martin.enjoypadelapi.controller.CenterController [http-nio-8080-exec-3] Inicio findById(center)
2022-04-11 01:27:12,227 INFO com.martin.enjoypadelapi.controller.CenterController [http-nio-8080-exec-3] Final findById(center)
2022-04-11 01:28:02,507 INFO com.martin.enjoypadelapi.controller.CenterController [http-nio-8080-exec-7] Inicio findAll(center)
2022-04-11 01:28:02,508 INFO com.martin.enjoypadelapi.controller.CenterController [http-nio-8080-exec-7] Final findAll(center)
2022-04-11 01:28:04,363 INFO com.martin.enjoypadelapi.controller.CenterController [http-nio-8080-exec-5] Inicio findById(center)
2022-04-11 01:28:04,364 INFO com.martin.enjoypadelapi.controller.CenterController [http-nio-8080-exec-5] Final findById(center)
2022-04-11 01:28:05,984 INFO com.martin.enjoypadelapi.controller.CenterController [http-nio-8080-exec-1] Inicio findAll(center)
2022-04-11 01:28:05,985 INFO com.martin.enjoypadelapi.controller.CenterController [http-nio-8080-exec-1] Final findAll(center)
2022-04-11 01:28:06,911 INFO com.martin.enjoypadelapi.controller.CenterController [http-nio-8080-exec-10] Inicio findById(center)
2022-04-11 01:28:06,912 INFO com.martin.enjoypadelapi.controller.CenterController [http-nio-8080-exec-10] Final findById(center)
2022-04-11 01:30:31,955 INFO com.martin.enjoypadelapi.controller.CenterController [http-nio-8080-exec-4] Inicio findAll(center)
2022-04-11 01:30:31,956 INFO com.martin.enjoypadelapi.controller.CenterController [http-nio-8080-exec-4] Final findAll(center)
2022-04-11 01:30:33,814 INFO com.martin.enjoypadelapi.controller.CenterController [http-nio-8080-exec-6] Inicio findById(center)
2022-04-11 01:30:33,815 INFO com.martin.enjoypadelapi.controller.CenterController [http-nio-8080-exec-6] Final findById(center)
2022-04-11 01:31:32,765 INFO com.martin.enjoypadelapi.controller.CenterController [http-nio-8080-exec-8] Inicio findAll(center)
2022-04-11 01:31:32,766 INFO com.martin.enjoypadelapi.controller.CenterController [http-nio-8080-exec-8] Final findAll(center)
2022-04-11 01:31:34,565 INFO com.martin.enjoypadelapi.controller.CenterController [http-nio-8080-exec-9] Inicio findById(center)
2022-04-11 01:31:34,566 INFO com.martin.enjoypadelapi.controller.CenterController [http-nio-8080-exec-9] Final findById(center)
2022-04-11 01:32:14,856 INFO com.martin.enjoypadelapi.controller.CenterController [http-nio-8080-exec-3] Inicio findAll(center)
2022-04-11 01:32:14,857 INFO com.martin.enjoypadelapi.controller.CenterController [http-nio-8080-exec-3] Final findAll(center)
2022-04-11 01:32:17,117 INFO com.martin.enjoypadelapi.controller.CenterController [http-nio-8080-exec-2] Inicio findById(center)
2022-04-11 01:32:17,118 INFO com.martin.enjoypadelapi.controller.CenterController [http-nio-8080-exec-2] Final findById(center)
2022-04-11 01:33:28,503 INFO com.martin.enjoypadelapi.controller.CenterController [http-nio-8080-exec-7] Inicio findAll(center)
2022-04-11 01:33:28,504 INFO com.martin.enjoypadelapi.controller.CenterController [http-nio-8080-exec-7] Final findAll(center)
2022-04-11 01:33:30,747 INFO com.martin.enjoypadelapi.controller.CenterController [http-nio-8080-exec-5] Inicio findById(center)
2022-04-11 01:33:30,748 INFO com.martin.enjoypadelapi.controller.CenterController [http-nio-8080-exec-5] Final findById(center)
2022-04-11 01:33:50,657 INFO com.martin.enjoypadelapi.controller.CenterController [http-nio-8080-exec-1] Inicio findAll(center)
2022-04-11 01:33:50,658 INFO com.martin.enjoypadelapi.controller.CenterController [http-nio-8080-exec-1] Final findAll(center)
2022-04-11 01:33:52,929 INFO com.martin.enjoypadelapi.controller.CenterController [http-nio-8080-exec-10] Inicio findById(center)
2022-04-11 01:33:52,930 INFO com.martin.enjoypadelapi.controller.CenterController [http-nio-8080-exec-10] Final findById(center)
2022-04-11 01:34:41,554 INFO com.martin.enjoypadelapi.controller.CenterController [http-nio-8080-exec-4] Inicio findAll(center)
2022-04-11 01:34:41,556 INFO com.martin.enjoypadelapi.controller.CenterController [http-nio-8080-exec-4] Final findAll(center)
2022-04-11 01:34:43,462 INFO com.martin.enjoypadelapi.controller.CenterController [http-nio-8080-exec-6] Inicio findById(center)
2022-04-11 01:34:43,463 INFO com.martin.enjoypadelapi.controller.CenterController [http-nio-8080-exec-6] Final findById(center)
2022-04-11 01:38:41,801 INFO com.martin.enjoypadelapi.controller.CenterController [http-nio-8080-exec-8] Inicio findAll(center)
2022-04-11 01:38:41,802 INFO com.martin.enjoypadelapi.controller.CenterController [http-nio-8080-exec-8] Final findAll(center)
2022-04-11 01:38:42,555 INFO com.martin.enjoypadelapi.controller.CenterController [http-nio-8080-exec-9] Inicio findById(center)
2022-04-11 01:38:42,556 INFO com.martin.enjoypadelapi.controller.CenterController [http-nio-8080-exec-9] Final findById(center)
2022-04-11 01:42:44,640 INFO com.martin.enjoypadelapi.controller.CenterController [http-nio-8080-exec-3] Inicio findAll(center)
2022-04-11 01:42:44,642 INFO com.martin.enjoypadelapi.controller.CenterController [http-nio-8080-exec-3] Final findAll(center)
2022-04-11 01:42:45,645 INFO com.martin.enjoypadelapi.controller.CenterController [http-nio-8080-exec-2] Inicio findById(center)
2022-04-11 01:42:45,646 INFO com.martin.enjoypadelapi.controller.CenterController [http-nio-8080-exec-2] Final findById(center)
2022-04-11 01:44:23,611 INFO com.martin.enjoypadelapi.controller.CenterController [http-nio-8080-exec-5] Inicio findAll(center)
2022-04-11 01:44:23,612 INFO com.martin.enjoypadelapi.controller.CenterController [http-nio-8080-exec-5] Final findAll(center)
2022-04-11 01:44:24,530 INFO com.martin.enjoypadelapi.controller.CenterController [http-nio-8080-exec-7] Inicio findById(center)
2022-04-11 01:44:24,531 INFO com.martin.enjoypadelapi.controller.CenterController [http-nio-8080-exec-7] Final findById(center)
2022-04-11 01:52:06,479 INFO com.martin.enjoypadelapi.controller.CenterController [http-nio-8080-exec-1] Inicio findAll(center)
2022-04-11 01:52:06,481 INFO com.martin.enjoypadelapi.controller.CenterController [http-nio-8080-exec-1] Final findAll(center)
2022-04-11 01:52:07,354 INFO com.martin.enjoypadelapi.controller.CenterController [http-nio-8080-exec-10] Inicio findById(center)
2022-04-11 01:52:07,355 INFO com.martin.enjoypadelapi.controller.CenterController [http-nio-8080-exec-10] Final findById(center)
2022-04-11 01:57:35,298 INFO com.martin.enjoypadelapi.controller.CenterController [http-nio-8080-exec-4] Inicio findAll(center)
2022-04-11 01:57:35,299 INFO com.martin.enjoypadelapi.controller.CenterController [http-nio-8080-exec-4] Final findAll(center)
2022-04-11 01:57:36,119 INFO com.martin.enjoypadelapi.controller.CenterController [http-nio-8080-exec-6] Inicio findById(center)
2022-04-11 01:57:36,120 INFO com.martin.enjoypadelapi.controller.CenterController [http-nio-8080-exec-6] Final findById(center)
2022-04-11 02:03:35,116 INFO com.martin.enjoypadelapi.controller.CenterController [http-nio-8080-exec-8] Inicio findAll(center)
2022-04-11 02:03:35,118 INFO com.martin.enjoypadelapi.controller.CenterController [http-nio-8080-exec-8] Final findAll(center)
2022-04-11 02:03:36,170 INFO com.martin.enjoypadelapi.controller.CenterController [http-nio-8080-exec-9] Inicio findById(center)
2022-04-11 02:03:36,172 INFO com.martin.enjoypadelapi.controller.CenterController [http-nio-8080-exec-9] Final findById(center)
2022-04-11 02:03:51,276 INFO com.martin.enjoypadelapi.controller.CenterController [http-nio-8080-exec-1] Inicio findAll(center)
2022-04-11 02:03:51,277 INFO com.martin.enjoypadelapi.controller.CenterController [http-nio-8080-exec-1] Final findAll(center)
2022-04-11 02:03:52,074 INFO com.martin.enjoypadelapi.controller.CenterController [http-nio-8080-exec-10] Inicio findById(center)
2022-04-11 02:03:52,076 INFO com.martin.enjoypadelapi.controller.CenterController [http-nio-8080-exec-10] Final findById(center)
2022-04-11 02:03:57,030 INFO com.martin.enjoypadelapi.controller.CenterController [http-nio-8080-exec-3] Inicio findAll(center)
2022-04-11 02:03:57,031 INFO com.martin.enjoypadelapi.controller.CenterController [http-nio-8080-exec-3] Final findAll(center)
2022-04-11 02:04:07,344 INFO com.martin.enjoypadelapi.controller.CenterController [http-nio-8080-exec-2] Inicio addCenter
2022-04-11 02:04:07,346 INFO com.martin.enjoypadelapi.controller.CenterController [http-nio-8080-exec-2] Final addCenter
2022-04-11 02:04:07,376 INFO com.martin.enjoypadelapi.controller.CenterController [http-nio-8080-exec-4] Inicio findAll(center)
2022-04-11 02:04:07,377 INFO com.martin.enjoypadelapi.controller.CenterController [http-nio-8080-exec-4] Final findAll(center)
2022-04-11 02:04:09,084 INFO com.martin.enjoypadelapi.controller.CenterController [http-nio-8080-exec-6] Inicio findById(center)
2022-04-11 02:04:09,085 INFO com.martin.enjoypadelapi.controller.CenterController [http-nio-8080-exec-6] Final findById(center)
2022-04-11 02:05:05,851 INFO com.martin.enjoypadelapi.controller.CenterController [http-nio-8080-exec-10] Inicio findAll(center)
2022-04-11 02:05:05,852 INFO com.martin.enjoypadelapi.controller.CenterController [http-nio-8080-exec-10] Final findAll(center)
2022-04-11 02:05:08,316 INFO com.martin.enjoypadelapi.controller.CenterController [http-nio-8080-exec-3] Inicio findById(center)
2022-04-11 02:05:08,317 INFO com.martin.enjoypadelapi.controller.CenterController [http-nio-8080-exec-3] Final findById(center)
2022-04-11 02:05:36,457 INFO com.martin.enjoypadelapi.controller.CenterController [http-nio-8080-exec-6] Inicio findAll(center)
2022-04-11 02:05:36,458 INFO com.martin.enjoypadelapi.controller.CenterController [http-nio-8080-exec-6] Final findAll(center)
2022-04-11 02:05:38,209 INFO com.martin.enjoypadelapi.controller.CenterController [http-nio-8080-exec-7] Inicio findById(center)
2022-04-11 02:05:38,211 INFO com.martin.enjoypadelapi.controller.CenterController [http-nio-8080-exec-7] Final findById(center)
2022-04-11 02:07:15,823 INFO com.martin.enjoypadelapi.controller.CenterController [http-nio-8080-exec-8] Inicio findAll(center)
2022-04-11 02:07:15,824 INFO com.martin.enjoypadelapi.controller.CenterController [http-nio-8080-exec-8] Final findAll(center)
2022-04-11 02:07:17,793 INFO com.martin.enjoypadelapi.controller.CenterController [http-nio-8080-exec-9] Inicio findById(center)
2022-04-11 02:07:17,794 INFO com.martin.enjoypadelapi.controller.CenterController [http-nio-8080-exec-9] Final findById(center)
2022-04-11 02:07:50,917 INFO com.martin.enjoypadelapi.controller.CenterController [http-nio-8080-exec-2] Inicio findAll(center)
2022-04-11 02:07:50,919 INFO com.martin.enjoypadelapi.controller.CenterController [http-nio-8080-exec-2] Final findAll(center)
2022-04-11 02:07:51,756 INFO com.martin.enjoypadelapi.controller.CenterController [http-nio-8080-exec-4] Inicio findById(center)
2022-04-11 02:07:51,757 INFO com.martin.enjoypadelapi.controller.CenterController [http-nio-8080-exec-4] Final findById(center)
2022-04-11 02:09:17,079 INFO com.martin.enjoypadelapi.controller.CenterController [http-nio-8080-exec-5] Inicio findAll(center)
2022-04-11 02:09:17,080 INFO com.martin.enjoypadelapi.controller.CenterController [http-nio-8080-exec-5] Final findAll(center)
2022-04-11 02:09:18,970 INFO com.martin.enjoypadelapi.controller.CenterController [http-nio-8080-exec-1] Inicio findById(center)
2022-04-11 02:09:18,971 INFO com.martin.enjoypadelapi.controller.CenterController [http-nio-8080-exec-1] Final findById(center)
2022-04-11 02:10:20,059 INFO com.martin.enjoypadelapi.controller.CenterController [http-nio-8080-exec-3] Inicio findAll(center)
2022-04-11 02:10:20,060 INFO com.martin.enjoypadelapi.controller.CenterController [http-nio-8080-exec-3] Final findAll(center)
2022-04-11 02:10:21,717 INFO com.martin.enjoypadelapi.controller.CenterController [http-nio-8080-exec-10] Inicio findById(center)
2022-04-11 02:10:21,718 INFO com.martin.enjoypadelapi.controller.CenterController [http-nio-8080-exec-10] Final findById(center)
